Build started 11/6/2014 1:26:55 PM.
     1>Project "D:\CZ Test Projects\VS2008x32\VS2008x32\VS2008x32\VS2008x32.vcxproj" on node 2 (Rebuild target(s)).
     1>ClCompile:
         C:\Program Files (x86)\Microsoft Visual Studio 12.0\VC\bin\x86_amd64\CL.exe /c /Zi /nologo /W3 /WX- /O2 /Oi /GL /D WIN32 /D _WINDOWS /D NDEBUG /Gm- /EHsc /MT /GS /Gy /fp:precise /Zc:wchar_t /Zc:forScope /Yc"stdafx.h" /Fp"x64\Release\VS2008x32.pch" /Fo"x64\Release\\" /Fd"x64\Release\vc120.pdb" /Gd /TP /errorReport:prompt stdafx.cpp
         stdafx.cpp
         C:\Program Files (x86)\Microsoft Visual Studio 12.0\VC\bin\x86_amd64\CL.exe /c /Zi /nologo /W3 /WX- /O2 /Oi /GL /D WIN32 /D _WINDOWS /D NDEBUG /Gm- /EHsc /MT /GS /Gy /fp:precise /Zc:wchar_t /Zc:forScope /Yu"stdafx.h" /Fp"x64\Release\VS2008x32.pch" /Fo"x64\Release\\" /Fd"x64\Release\vc120.pdb" /Gd /TP /errorReport:prompt Test.cpp VS2008x32.cpp VS2008x32Dlg.cpp
         Test.cpp
         VS2008x32.cpp
     1>d:\cz test projects\vs2008x32\vs2008x32\vs2008x32\VS2008x32Dlg.h(24): warning C4996: 'strcpy': This function or variable may be unsafe. Consider using strcpy_s instead. To disable deprecation, use _CRT_SECURE_NO_WARNINGS. See online help for details.
                 C:\Program Files (x86)\Microsoft Visual Studio 12.0\VC\include\string.h(112) : see declaration of 'strcpy'
         VS2008x32Dlg.cpp
     1>d:\cz test projects\vs2008x32\vs2008x32\vs2008x32\VS2008x32Dlg.h(24): warning C4996: 'strcpy': This function or variable may be unsafe. Consider using strcpy_s instead. To disable deprecation, use _CRT_SECURE_NO_WARNINGS. See online help for details.
                 C:\Program Files (x86)\Microsoft Visual Studio 12.0\VC\include\string.h(112) : see declaration of 'strcpy'
     1>VS2008x32Dlg.cpp(15): warning C4996: 'fopen': This function or variable may be unsafe. Consider using fopen_s instead. To disable deprecation, use _CRT_SECURE_NO_WARNINGS. See online help for details.
                 C:\Program Files (x86)\Microsoft Visual Studio 12.0\VC\include\stdio.h(211) : see declaration of 'fopen'
     1>VS2008x32Dlg.cpp(69): warning C4996: 'fopen': This function or variable may be unsafe. Consider using fopen_s instead. To disable deprecation, use _CRT_SECURE_NO_WARNINGS. See online help for details.
                 C:\Program Files (x86)\Microsoft Visual Studio 12.0\VC\include\stdio.h(211) : see declaration of 'fopen'
     1>VS2008x32Dlg.cpp(157): warning C4996: 'fopen': This function or variable may be unsafe. Consider using fopen_s instead. To disable deprecation, use _CRT_SECURE_NO_WARNINGS. See online help for details.
                 C:\Program Files (x86)\Microsoft Visual Studio 12.0\VC\include\stdio.h(211) : see declaration of 'fopen'
       ResourceCompile:
         C:\Program Files (x86)\Windows Kits\8.1\bin\x86\rc.exe /D NDEBUG /l"0x0409" /Ix64\Release\ /nologo /fo"x64\Release\VS2008x32.res" VS2008x32.rc 
       Link:
         C:\Program Files (x86)\Microsoft Visual Studio 12.0\VC\bin\x86_amd64\link.exe /ERRORREPORT:PROMPT /OUT:"D:\CZ Test Projects\VS2008x32\VS2008x32\x64\Release\VS2008x32.exe" /INCREMENTAL:NO /NOLOGO /MANIFEST /MANIFESTUAC:"level='asInvoker' uiAccess='false'" /manifest:embed /manifestinput:"C:\Program Files (x86)\Microsoft Visual Studio 12.0\VC\Include\Manifest\dpiaware.manifest" /DEBUG /PDB:"D:\CZ Test Projects\VS2008x32\VS2008x32\x64\Release\VS2008x32.pdb" /SUBSYSTEM:WINDOWS /OPT:REF /OPT:ICF /LTCG /TLBID:1 /DYNAMICBASE /NXCOMPAT /IMPLIB:"D:\CZ Test Projects\VS2008x32\VS2008x32\x64\Release\VS2008x32.lib" /MACHINE:X64 x64\Release\VS2008x32.res
         x64\Release\stdafx.obj
         x64\Release\Test.obj
         x64\Release\VS2008x32.obj
         x64\Release\VS2008x32Dlg.obj
         Generating code
         Finished generating code
         VS2008x32.vcxproj -> D:\CZ Test Projects\VS2008x32\VS2008x32\x64\Release\VS2008x32.exe
     1>Done Building Project "D:\CZ Test Projects\VS2008x32\VS2008x32\VS2008x32\VS2008x32.vcxproj" (Rebuild target(s)).

Build succeeded.

Time Elapsed 00:00:05.08
